[1.291s] Invoking command in '/home/glory/ros2_ws/build/my_robot_controller': PYTHONPATH=/home/glory/ros2_ws/build/my_robot_controller/prefix_override:/home/glory/.local/lib/python3.10/site-packages/colcon_core/task/python/colcon_distutils_commands:/home/glory/ros2_ws/install/my_robot_controller/lib/python3.10/site-packages:${PYTHONPATH} /usr/bin/python3 -W ignore:setup.py install is deprecated setup.py develop --uninstall --editable --build-directory /home/glory/ros2_ws/build/my_robot_controller/build
[1.786s] running develop
[1.786s] /home/glory/.local/lib/python3.10/site-packages/setuptools/command/develop.py:42: EasyInstallDeprecationWarning: easy_install command is deprecated.
[1.786s] !!
[1.787s] 
[1.787s]         ********************************************************************************
[1.787s]         Please avoid running ``setup.py`` and ``easy_install``.
[1.788s]         Instead, use pypa/build, pypa/installer or other
[1.788s]         standards-based tools.
[1.788s] 
[1.788s]         See https://github.com/pypa/setuptools/issues/917 for details.
[1.789s]         ********************************************************************************
[1.789s] 
[1.789s] !!
[1.789s]   easy_install.initialize_options(self)
[2.155s] Removing /home/glory/ros2_ws/install/my_robot_controller/lib/python3.10/site-packages/my-robot-controller.egg-link (link to .)
[2.212s] Invoked command in '/home/glory/ros2_ws/build/my_robot_controller' returned '0': PYTHONPATH=/home/glory/ros2_ws/build/my_robot_controller/prefix_override:/home/glory/.local/lib/python3.10/site-packages/colcon_core/task/python/colcon_distutils_commands:/home/glory/ros2_ws/install/my_robot_controller/lib/python3.10/site-packages:${PYTHONPATH} /usr/bin/python3 -W ignore:setup.py install is deprecated setup.py develop --uninstall --editable --build-directory /home/glory/ros2_ws/build/my_robot_controller/build
[2.214s] Invoking command in '/home/glory/ros2_ws/src/my_robot_controller': PYTHONPATH=/home/glory/ros2_ws/build/my_robot_controller/prefix_override:/home/glory/.local/lib/python3.10/site-packages/colcon_core/task/python/colcon_distutils_commands:/home/glory/ros2_ws/install/my_robot_controller/lib/python3.10/site-packages:${PYTHONPATH} /usr/bin/python3 -W ignore:setup.py install is deprecated setup.py egg_info --egg-base ../../build/my_robot_controller build --build-base /home/glory/ros2_ws/build/my_robot_controller/build install --record /home/glory/ros2_ws/build/my_robot_controller/install.log --single-version-externally-managed install_data --force
[2.677s] running egg_info
[2.707s] writing ../../build/my_robot_controller/my_robot_controller.egg-info/PKG-INFO
[2.708s] writing dependency_links to ../../build/my_robot_controller/my_robot_controller.egg-info/dependency_links.txt
[2.709s] writing entry points to ../../build/my_robot_controller/my_robot_controller.egg-info/entry_points.txt
[2.709s] writing requirements to ../../build/my_robot_controller/my_robot_controller.egg-info/requires.txt
[2.710s] writing top-level names to ../../build/my_robot_controller/my_robot_controller.egg-info/top_level.txt
[2.936s] reading manifest file '../../build/my_robot_controller/my_robot_controller.egg-info/SOURCES.txt'
[2.938s] writing manifest file '../../build/my_robot_controller/my_robot_controller.egg-info/SOURCES.txt'
[2.938s] running build
[2.938s] running build_py
[2.939s] copying my_robot_controller/__init__.py -> /home/glory/ros2_ws/build/my_robot_controller/build/lib/my_robot_controller
[2.939s] copying my_robot_controller/my_first_node.py -> /home/glory/ros2_ws/build/my_robot_controller/build/lib/my_robot_controller
[2.939s] copying my_robot_controller/draw_circle.py -> /home/glory/ros2_ws/build/my_robot_controller/build/lib/my_robot_controller
[2.940s] running install
[2.949s] running install_lib
[2.980s] creating /home/glory/ros2_ws/install/my_robot_controller/lib/python3.10/site-packages/my_robot_controller
[2.981s] copying /home/glory/ros2_ws/build/my_robot_controller/build/lib/my_robot_controller/__init__.py -> /home/glory/ros2_ws/install/my_robot_controller/lib/python3.10/site-packages/my_robot_controller
[2.982s] copying /home/glory/ros2_ws/build/my_robot_controller/build/lib/my_robot_controller/my_first_node.py -> /home/glory/ros2_ws/install/my_robot_controller/lib/python3.10/site-packages/my_robot_controller
[2.982s] copying /home/glory/ros2_ws/build/my_robot_controller/build/lib/my_robot_controller/draw_circle.py -> /home/glory/ros2_ws/install/my_robot_controller/lib/python3.10/site-packages/my_robot_controller
[2.983s] byte-compiling /home/glory/ros2_ws/install/my_robot_controller/lib/python3.10/site-packages/my_robot_controller/__init__.py to __init__.cpython-310.pyc
[2.984s] byte-compiling /home/glory/ros2_ws/install/my_robot_controller/lib/python3.10/site-packages/my_robot_controller/my_first_node.py to my_first_node.cpython-310.pyc
[2.984s] byte-compiling /home/glory/ros2_ws/install/my_robot_controller/lib/python3.10/site-packages/my_robot_controller/draw_circle.py to draw_circle.cpython-310.pyc
[2.985s] running install_data
[2.985s] copying resource/my_robot_controller -> /home/glory/ros2_ws/install/my_robot_controller/share/ament_index/resource_index/packages
[2.986s] copying package.xml -> /home/glory/ros2_ws/install/my_robot_controller/share/my_robot_controller
[2.986s] running install_egg_info
[3.019s] Copying ../../build/my_robot_controller/my_robot_controller.egg-info to /home/glory/ros2_ws/install/my_robot_controller/lib/python3.10/site-packages/my_robot_controller-0.0.0-py3.10.egg-info
[3.021s] running install_scripts
[3.089s] Installing draw_circle script to /home/glory/ros2_ws/install/my_robot_controller/lib/my_robot_controller
[3.089s] Installing test_node script to /home/glory/ros2_ws/install/my_robot_controller/lib/my_robot_controller
[3.089s] writing list of installed files to '/home/glory/ros2_ws/build/my_robot_controller/install.log'
[3.141s] Invoked command in '/home/glory/ros2_ws/src/my_robot_controller' returned '0': PYTHONPATH=/home/glory/ros2_ws/build/my_robot_controller/prefix_override:/home/glory/.local/lib/python3.10/site-packages/colcon_core/task/python/colcon_distutils_commands:/home/glory/ros2_ws/install/my_robot_controller/lib/python3.10/site-packages:${PYTHONPATH} /usr/bin/python3 -W ignore:setup.py install is deprecated setup.py egg_info --egg-base ../../build/my_robot_controller build --build-base /home/glory/ros2_ws/build/my_robot_controller/build install --record /home/glory/ros2_ws/build/my_robot_controller/install.log --single-version-externally-managed install_data --force
