[1.266s] Invoking command in '/home/glory/ros2_ws/src/build/my_robot_controller': PYTHONPATH=/home/glory/ros2_ws/src/build/my_robot_controller/prefix_override:/home/glory/.local/lib/python3.10/site-packages/colcon_core/task/python/colcon_distutils_commands:/home/glory/ros2_ws/src/install/my_robot_controller/lib/python3.10/site-packages:${PYTHONPATH} /usr/bin/python3 -W ignore:setup.py install is deprecated setup.py develop --editable --build-directory /home/glory/ros2_ws/src/build/my_robot_controller/build --no-deps symlink_data
[1.751s] running develop
[1.754s] /home/glory/.local/lib/python3.10/site-packages/setuptools/command/develop.py:42: EasyInstallDeprecationWarning: easy_install command is deprecated.
[1.754s] !!
[1.754s] 
[1.754s]         ********************************************************************************
[1.754s]         Please avoid running ``setup.py`` and ``easy_install``.
[1.754s]         Instead, use pypa/build, pypa/installer or other
[1.754s]         standards-based tools.
[1.755s] 
[1.755s]         See https://github.com/pypa/setuptools/issues/917 for details.
[1.755s]         ********************************************************************************
[1.755s] 
[1.755s] !!
[1.755s]   easy_install.initialize_options(self)
[2.153s] running egg_info
[2.153s] creating my_robot_controller.egg-info
[2.177s] writing my_robot_controller.egg-info/PKG-INFO
[2.178s] writing dependency_links to my_robot_controller.egg-info/dependency_links.txt
[2.178s] writing entry points to my_robot_controller.egg-info/entry_points.txt
[2.178s] writing requirements to my_robot_controller.egg-info/requires.txt
[2.178s] writing top-level names to my_robot_controller.egg-info/top_level.txt
[2.182s] writing manifest file 'my_robot_controller.egg-info/SOURCES.txt'
[2.234s] reading manifest file 'my_robot_controller.egg-info/SOURCES.txt'
[2.235s] writing manifest file 'my_robot_controller.egg-info/SOURCES.txt'
[2.272s] running build_ext
[2.272s] Creating /home/glory/ros2_ws/src/install/my_robot_controller/lib/python3.10/site-packages/my-robot-controller.egg-link (link to .)
[2.273s] Installing draw_circle script to /home/glory/ros2_ws/src/install/my_robot_controller/lib/my_robot_controller
[2.274s] Installing pose_subscriber script to /home/glory/ros2_ws/src/install/my_robot_controller/lib/my_robot_controller
[2.274s] Installing quiz_node script to /home/glory/ros2_ws/src/install/my_robot_controller/lib/my_robot_controller
[2.274s] Installing test_node script to /home/glory/ros2_ws/src/install/my_robot_controller/lib/my_robot_controller
[2.274s] Installing turtle_controller script to /home/glory/ros2_ws/src/install/my_robot_controller/lib/my_robot_controller
[2.275s] 
[2.275s] Installed /home/glory/ros2_ws/src/build/my_robot_controller
[2.275s] running symlink_data
[2.275s] creating /home/glory/ros2_ws/src/install/my_robot_controller/share/ament_index
[2.276s] creating /home/glory/ros2_ws/src/install/my_robot_controller/share/ament_index/resource_index
[2.276s] creating /home/glory/ros2_ws/src/install/my_robot_controller/share/ament_index/resource_index/packages
[2.276s] symbolically linking /home/glory/ros2_ws/src/build/my_robot_controller/resource/my_robot_controller -> /home/glory/ros2_ws/src/install/my_robot_controller/share/ament_index/resource_index/packages
[2.276s] symbolically linking /home/glory/ros2_ws/src/build/my_robot_controller/package.xml -> /home/glory/ros2_ws/src/install/my_robot_controller/share/my_robot_controller
[2.331s] Invoked command in '/home/glory/ros2_ws/src/build/my_robot_controller' returned '0': PYTHONPATH=/home/glory/ros2_ws/src/build/my_robot_controller/prefix_override:/home/glory/.local/lib/python3.10/site-packages/colcon_core/task/python/colcon_distutils_commands:/home/glory/ros2_ws/src/install/my_robot_controller/lib/python3.10/site-packages:${PYTHONPATH} /usr/bin/python3 -W ignore:setup.py install is deprecated setup.py develop --editable --build-directory /home/glory/ros2_ws/src/build/my_robot_controller/build --no-deps symlink_data
