[1.438s] Invoking command in '/home/glory/ros2_ws/build/my_robot_controller': PYTHONPATH=/home/glory/ros2_ws/build/my_robot_controller/prefix_override:/home/glory/.local/lib/python3.10/site-packages/colcon_core/task/python/colcon_distutils_commands:/home/glory/ros2_ws/install/my_robot_controller/lib/python3.10/site-packages:${PYTHONPATH} /usr/bin/python3 -W ignore:setup.py install is deprecated setup.py develop --editable --build-directory /home/glory/ros2_ws/build/my_robot_controller/build --no-deps symlink_data --force
[2.006s] running develop
[2.007s] /home/glory/.local/lib/python3.10/site-packages/setuptools/command/develop.py:42: EasyInstallDeprecationWarning: easy_install command is deprecated.
[2.007s] !!
[2.007s] 
[2.007s]         ********************************************************************************
[2.007s]         Please avoid running ``setup.py`` and ``easy_install``.
[2.007s]         Instead, use pypa/build, pypa/installer or other
[2.007s]         standards-based tools.
[2.007s] 
[2.007s]         See https://github.com/pypa/setuptools/issues/917 for details.
[2.007s]         ********************************************************************************
[2.008s] 
[2.008s] !!
[2.008s]   easy_install.initialize_options(self)
[2.400s] running egg_info
[2.426s] writing my_robot_controller.egg-info/PKG-INFO
[2.427s] writing dependency_links to my_robot_controller.egg-info/dependency_links.txt
[2.427s] writing entry points to my_robot_controller.egg-info/entry_points.txt
[2.427s] writing requirements to my_robot_controller.egg-info/requires.txt
[2.428s] writing top-level names to my_robot_controller.egg-info/top_level.txt
[2.486s] reading manifest file 'my_robot_controller.egg-info/SOURCES.txt'
[2.488s] writing manifest file 'my_robot_controller.egg-info/SOURCES.txt'
[2.533s] running build_ext
[2.533s] Creating /home/glory/ros2_ws/install/my_robot_controller/lib/python3.10/site-packages/my-robot-controller.egg-link (link to .)
[2.534s] Installing test_node script to /home/glory/ros2_ws/install/my_robot_controller/lib/my_robot_controller
[2.535s] 
[2.535s] Installed /home/glory/ros2_ws/build/my_robot_controller
[2.535s] running symlink_data
[2.535s] symbolically linking /home/glory/ros2_ws/build/my_robot_controller/resource/my_robot_controller -> /home/glory/ros2_ws/install/my_robot_controller/share/ament_index/resource_index/packages
[2.535s] symbolically linking /home/glory/ros2_ws/build/my_robot_controller/package.xml -> /home/glory/ros2_ws/install/my_robot_controller/share/my_robot_controller
[2.597s] Invoked command in '/home/glory/ros2_ws/build/my_robot_controller' returned '0': PYTHONPATH=/home/glory/ros2_ws/build/my_robot_controller/prefix_override:/home/glory/.local/lib/python3.10/site-packages/colcon_core/task/python/colcon_distutils_commands:/home/glory/ros2_ws/install/my_robot_controller/lib/python3.10/site-packages:${PYTHONPATH} /usr/bin/python3 -W ignore:setup.py install is deprecated setup.py develop --editable --build-directory /home/glory/ros2_ws/build/my_robot_controller/build --no-deps symlink_data --force
