[1.084s] Invoking command in '/home/glory/ros2_ws/build/my_robot_controller': PYTHONPATH=/home/glory/ros2_ws/build/my_robot_controller/prefix_override:/home/glory/.local/lib/python3.10/site-packages/colcon_core/task/python/colcon_distutils_commands:/home/glory/ros2_ws/install/my_robot_controller/lib/python3.10/site-packages:${PYTHONPATH} /usr/bin/python3 -W ignore:setup.py install is deprecated setup.py develop --editable --build-directory /home/glory/ros2_ws/build/my_robot_controller/build --no-deps symlink_data --force
[1.534s] running develop
[1.535s] /home/glory/.local/lib/python3.10/site-packages/setuptools/command/develop.py:42: EasyInstallDeprecationWarning: easy_install command is deprecated.
[1.535s] !!
[1.535s] 
[1.535s]         ********************************************************************************
[1.535s]         Please avoid running ``setup.py`` and ``easy_install``.
[1.535s]         Instead, use pypa/build, pypa/installer or other
[1.535s]         standards-based tools.
[1.535s] 
[1.535s]         See https://github.com/pypa/setuptools/issues/917 for details.
[1.535s]         ********************************************************************************
[1.535s] 
[1.535s] !!
[1.535s]   easy_install.initialize_options(self)
[1.848s] running egg_info
[1.874s] writing my_robot_controller.egg-info/PKG-INFO
[1.875s] writing dependency_links to my_robot_controller.egg-info/dependency_links.txt
[1.875s] writing entry points to my_robot_controller.egg-info/entry_points.txt
[1.876s] writing requirements to my_robot_controller.egg-info/requires.txt
[1.876s] writing top-level names to my_robot_controller.egg-info/top_level.txt
[1.934s] reading manifest file 'my_robot_controller.egg-info/SOURCES.txt'
[1.936s] writing manifest file 'my_robot_controller.egg-info/SOURCES.txt'
[1.973s] running build_ext
[1.973s] Creating /home/glory/ros2_ws/install/my_robot_controller/lib/python3.10/site-packages/my-robot-controller.egg-link (link to .)
[1.974s] Installing draw_circle script to /home/glory/ros2_ws/install/my_robot_controller/lib/my_robot_controller
[1.975s] Installing test_node script to /home/glory/ros2_ws/install/my_robot_controller/lib/my_robot_controller
[1.975s] 
[1.975s] Installed /home/glory/ros2_ws/build/my_robot_controller
[1.975s] running symlink_data
[1.976s] symbolically linking /home/glory/ros2_ws/build/my_robot_controller/resource/my_robot_controller -> /home/glory/ros2_ws/install/my_robot_controller/share/ament_index/resource_index/packages
[1.976s] symbolically linking /home/glory/ros2_ws/build/my_robot_controller/package.xml -> /home/glory/ros2_ws/install/my_robot_controller/share/my_robot_controller
[2.028s] Invoked command in '/home/glory/ros2_ws/build/my_robot_controller' returned '0': PYTHONPATH=/home/glory/ros2_ws/build/my_robot_controller/prefix_override:/home/glory/.local/lib/python3.10/site-packages/colcon_core/task/python/colcon_distutils_commands:/home/glory/ros2_ws/install/my_robot_controller/lib/python3.10/site-packages:${PYTHONPATH} /usr/bin/python3 -W ignore:setup.py install is deprecated setup.py develop --editable --build-directory /home/glory/ros2_ws/build/my_robot_controller/build --no-deps symlink_data --force
