[1.281s] Invoking command in '/home/glory/ros2_ws/build/my_robot_controller': PYTHONPATH=/home/glory/ros2_ws/build/my_robot_controller/prefix_override:/home/glory/.local/lib/python3.10/site-packages/colcon_core/task/python/colcon_distutils_commands:/home/glory/ros2_ws/install/my_robot_controller/lib/python3.10/site-packages:${PYTHONPATH} /usr/bin/python3 -W ignore:setup.py install is deprecated setup.py develop --editable --build-directory /home/glory/ros2_ws/build/my_robot_controller/build --no-deps symlink_data
[1.801s] running develop
[1.802s] /home/glory/.local/lib/python3.10/site-packages/setuptools/command/develop.py:42: EasyInstallDeprecationWarning: easy_install command is deprecated.
[1.802s] !!
[1.802s] 
[1.802s]         ********************************************************************************
[1.802s]         Please avoid running ``setup.py`` and ``easy_install``.
[1.803s]         Instead, use pypa/build, pypa/installer or other
[1.803s]         standards-based tools.
[1.803s] 
[1.803s]         See https://github.com/pypa/setuptools/issues/917 for details.
[1.803s]         ********************************************************************************
[1.803s] 
[1.803s] !!
[1.804s]   easy_install.initialize_options(self)
[2.181s] running egg_info
[2.208s] writing my_robot_controller.egg-info/PKG-INFO
[2.208s] writing dependency_links to my_robot_controller.egg-info/dependency_links.txt
[2.209s] writing entry points to my_robot_controller.egg-info/entry_points.txt
[2.209s] writing requirements to my_robot_controller.egg-info/requires.txt
[2.209s] writing top-level names to my_robot_controller.egg-info/top_level.txt
[2.268s] reading manifest file 'my_robot_controller.egg-info/SOURCES.txt'
[2.270s] writing manifest file 'my_robot_controller.egg-info/SOURCES.txt'
[2.311s] running build_ext
[2.311s] Creating /home/glory/ros2_ws/install/my_robot_controller/lib/python3.10/site-packages/my-robot-controller.egg-link (link to .)
[2.312s] Installing draw_circle script to /home/glory/ros2_ws/install/my_robot_controller/lib/my_robot_controller
[2.312s] Installing pose_subscriber script to /home/glory/ros2_ws/install/my_robot_controller/lib/my_robot_controller
[2.313s] Installing test_node script to /home/glory/ros2_ws/install/my_robot_controller/lib/my_robot_controller
[2.313s] Installing turtle_controller script to /home/glory/ros2_ws/install/my_robot_controller/lib/my_robot_controller
[2.313s] 
[2.314s] Installed /home/glory/ros2_ws/build/my_robot_controller
[2.314s] running symlink_data
[2.379s] Invoked command in '/home/glory/ros2_ws/build/my_robot_controller' returned '0': PYTHONPATH=/home/glory/ros2_ws/build/my_robot_controller/prefix_override:/home/glory/.local/lib/python3.10/site-packages/colcon_core/task/python/colcon_distutils_commands:/home/glory/ros2_ws/install/my_robot_controller/lib/python3.10/site-packages:${PYTHONPATH} /usr/bin/python3 -W ignore:setup.py install is deprecated setup.py develop --editable --build-directory /home/glory/ros2_ws/build/my_robot_controller/build --no-deps symlink_data
