[1.462s] Invoking command in '/home/glory/ros2_ws/src/my_robot_controller': PYTHONPATH=/home/glory/ros2_ws/build/my_robot_controller/prefix_override:/home/glory/.local/lib/python3.10/site-packages/colcon_core/task/python/colcon_distutils_commands:/home/glory/ros2_ws/install/my_robot_controller/lib/python3.10/site-packages:${PYTHONPATH} /usr/bin/python3 -W ignore:setup.py install is deprecated setup.py egg_info --egg-base ../../build/my_robot_controller build --build-base /home/glory/ros2_ws/build/my_robot_controller/build install --record /home/glory/ros2_ws/build/my_robot_controller/install.log --single-version-externally-managed install_data
[1.863s] running egg_info
[1.894s] writing ../../build/my_robot_controller/my_robot_controller.egg-info/PKG-INFO
[1.895s] writing dependency_links to ../../build/my_robot_controller/my_robot_controller.egg-info/dependency_links.txt
[1.895s] writing entry points to ../../build/my_robot_controller/my_robot_controller.egg-info/entry_points.txt
[1.896s] writing requirements to ../../build/my_robot_controller/my_robot_controller.egg-info/requires.txt
[1.896s] writing top-level names to ../../build/my_robot_controller/my_robot_controller.egg-info/top_level.txt
[2.122s] reading manifest file '../../build/my_robot_controller/my_robot_controller.egg-info/SOURCES.txt'
[2.123s] writing manifest file '../../build/my_robot_controller/my_robot_controller.egg-info/SOURCES.txt'
[2.123s] running build
[2.124s] running build_py
[2.124s] copying my_robot_controller/__init__.py -> /home/glory/ros2_ws/build/my_robot_controller/build/lib/my_robot_controller
[2.124s] copying my_robot_controller/my_first_node.py -> /home/glory/ros2_ws/build/my_robot_controller/build/lib/my_robot_controller
[2.125s] running install
[2.132s] running install_lib
[2.158s] copying /home/glory/ros2_ws/build/my_robot_controller/build/lib/my_robot_controller/my_first_node.py -> /home/glory/ros2_ws/install/my_robot_controller/lib/python3.10/site-packages/my_robot_controller
[2.159s] byte-compiling /home/glory/ros2_ws/install/my_robot_controller/lib/python3.10/site-packages/my_robot_controller/my_first_node.py to my_first_node.cpython-310.pyc
[2.160s] running install_data
[2.160s] copying resource/my_robot_controller -> /home/glory/ros2_ws/install/my_robot_controller/share/ament_index/resource_index/packages
[2.160s] copying package.xml -> /home/glory/ros2_ws/install/my_robot_controller/share/my_robot_controller
[2.160s] running install_egg_info
[2.192s] removing '/home/glory/ros2_ws/install/my_robot_controller/lib/python3.10/site-packages/my_robot_controller-0.0.0-py3.10.egg-info' (and everything under it)
[2.193s] Copying ../../build/my_robot_controller/my_robot_controller.egg-info to /home/glory/ros2_ws/install/my_robot_controller/lib/python3.10/site-packages/my_robot_controller-0.0.0-py3.10.egg-info
[2.196s] running install_scripts
[2.266s] Installing test_node script to /home/glory/ros2_ws/install/my_robot_controller/lib/my_robot_controller
[2.267s] writing list of installed files to '/home/glory/ros2_ws/build/my_robot_controller/install.log'
[2.321s] Invoked command in '/home/glory/ros2_ws/src/my_robot_controller' returned '0': PYTHONPATH=/home/glory/ros2_ws/build/my_robot_controller/prefix_override:/home/glory/.local/lib/python3.10/site-packages/colcon_core/task/python/colcon_distutils_commands:/home/glory/ros2_ws/install/my_robot_controller/lib/python3.10/site-packages:${PYTHONPATH} /usr/bin/python3 -W ignore:setup.py install is deprecated setup.py egg_info --egg-base ../../build/my_robot_controller build --build-base /home/glory/ros2_ws/build/my_robot_controller/build install --record /home/glory/ros2_ws/build/my_robot_controller/install.log --single-version-externally-managed install_data
