[1.130s] Invoking command in '/home/glory/ros2_ws/build/my_robot_controller': PYTHONPATH=/home/glory/ros2_ws/build/my_robot_controller/prefix_override:/home/glory/.local/lib/python3.10/site-packages/colcon_core/task/python/colcon_distutils_commands:/home/glory/ros2_ws/install/my_robot_controller/lib/python3.10/site-packages:${PYTHONPATH} /usr/bin/python3 -W ignore:setup.py install is deprecated setup.py develop --editable --build-directory /home/glory/ros2_ws/build/my_robot_controller/build --no-deps symlink_data
[1.604s] running develop
[1.605s] /home/glory/.local/lib/python3.10/site-packages/setuptools/command/develop.py:42: EasyInstallDeprecationWarning: easy_install command is deprecated.
[1.605s] !!
[1.605s] 
[1.605s]         ********************************************************************************
[1.605s]         Please avoid running ``setup.py`` and ``easy_install``.
[1.605s]         Instead, use pypa/build, pypa/installer or other
[1.605s]         standards-based tools.
[1.605s] 
[1.605s]         See https://github.com/pypa/setuptools/issues/917 for details.
[1.605s]         ********************************************************************************
[1.606s] 
[1.606s] !!
[1.606s]   easy_install.initialize_options(self)
[1.939s] running egg_info
[1.962s] writing my_robot_controller.egg-info/PKG-INFO
[1.963s] writing dependency_links to my_robot_controller.egg-info/dependency_links.txt
[1.963s] writing entry points to my_robot_controller.egg-info/entry_points.txt
[1.963s] writing requirements to my_robot_controller.egg-info/requires.txt
[1.964s] writing top-level names to my_robot_controller.egg-info/top_level.txt
[2.015s] reading manifest file 'my_robot_controller.egg-info/SOURCES.txt'
[2.017s] writing manifest file 'my_robot_controller.egg-info/SOURCES.txt'
[2.055s] running build_ext
[2.056s] Creating /home/glory/ros2_ws/install/my_robot_controller/lib/python3.10/site-packages/my-robot-controller.egg-link (link to .)
[2.057s] Installing draw_circle script to /home/glory/ros2_ws/install/my_robot_controller/lib/my_robot_controller
[2.057s] Installing pose_subscriber script to /home/glory/ros2_ws/install/my_robot_controller/lib/my_robot_controller
[2.058s] Installing quiz_node script to /home/glory/ros2_ws/install/my_robot_controller/lib/my_robot_controller
[2.058s] Installing test_node script to /home/glory/ros2_ws/install/my_robot_controller/lib/my_robot_controller
[2.058s] Installing turtle_controller script to /home/glory/ros2_ws/install/my_robot_controller/lib/my_robot_controller
[2.058s] 
[2.058s] Installed /home/glory/ros2_ws/build/my_robot_controller
[2.059s] running symlink_data
[2.116s] Invoked command in '/home/glory/ros2_ws/build/my_robot_controller' returned '0': PYTHONPATH=/home/glory/ros2_ws/build/my_robot_controller/prefix_override:/home/glory/.local/lib/python3.10/site-packages/colcon_core/task/python/colcon_distutils_commands:/home/glory/ros2_ws/install/my_robot_controller/lib/python3.10/site-packages:${PYTHONPATH} /usr/bin/python3 -W ignore:setup.py install is deprecated setup.py develop --editable --build-directory /home/glory/ros2_ws/build/my_robot_controller/build --no-deps symlink_data
